INFO:PDB2PQR v3.6.1: biomolecular structure conversion software.
INFO:Please cite:  Jurrus E, et al.  Improvements to the APBS biomolecular solvation software suite.  Protein Sci 27 112-128 (2018).
INFO:Please cite:  Dolinsky TJ, et al.  PDB2PQR: expanding and upgrading automated preparation of biomolecular structures for molecular simulations. Nucleic Acids Res 35 W522-W525 (2007).
INFO:Checking and transforming input arguments.
INFO:Loading topology files.
INFO:Loading molecule: NP_001192667.1__AF-E1BBR9-F1-model_v4.protein.pdb
INFO:Dropping water from structure.
INFO:Setting up molecule.
INFO:Created biomolecule object with 681 residues and 5286 atoms.
INFO:Setting termini states for biomolecule chains.
INFO:Loading forcefield.
INFO:Loading hydrogen topology definitions.
INFO:This biomolecule is clean.  No repair needed.
INFO:Updating disulfide bridges.
INFO:Debumping biomolecule.
INFO:Adding hydrogens to biomolecule.
INFO:Debumping biomolecule (again).
WARNING:WARNING: Unable to debump ARG A 455
INFO:Optimizing hydrogen bonds
INFO:Applying force field to biomolecule states.
INFO:Regenerating headers.
INFO:Regenerating PDB lines.
WARNING:Ignoring 391 header lines in output.
