2025-10-02 22:34:00,871 INFO:main.py:240:print_splash_screen:PDB2PQR v3.6.1: biomolecular structure conversion software.
2025-10-02 22:34:00,871 INFO:main.py:242:print_splash_screen:Please cite:  Jurrus E, et al.  Improvements to the APBS biomolecular solvation software suite.  Protein Sci 27 112-128 (2018).
2025-10-02 22:34:00,871 INFO:main.py:242:print_splash_screen:Please cite:  Dolinsky TJ, et al.  PDB2PQR: expanding and upgrading automated preparation of biomolecular structures for molecular simulations. Nucleic Acids Res 35 W522-W525 (2007).
2025-10-02 22:34:00,871 INFO:main.py:759:main_driver:Checking and transforming input arguments.
2025-10-02 22:34:00,872 INFO:main.py:763:main_driver:Loading topology files.
2025-10-02 22:34:00,924 INFO:main.py:765:main_driver:Loading molecule: XP_003214859.1__AF-G1K891-F1-model_v4.protein.pdb
2025-10-02 22:34:00,945 INFO:main.py:768:main_driver:Dropping water from structure.
2025-10-02 22:34:00,948 INFO:main.py:770:main_driver:Setting up molecule.
2025-10-02 22:34:01,003 INFO:main.py:408:setup_molecule:Created biomolecule object with 658 residues and 5094 atoms.
2025-10-02 22:34:01,004 INFO:main.py:774:main_driver:Setting termini states for biomolecule chains.
2025-10-02 22:34:01,019 INFO:main.py:604:non_trivial:Loading forcefield.
2025-10-02 22:34:01,027 INFO:main.py:608:non_trivial:Loading hydrogen topology definitions.
2025-10-02 22:34:01,035 INFO:main.py:459:is_repairable:This biomolecule is clean.  No repair needed.
2025-10-02 22:34:01,035 INFO:main.py:623:non_trivial:Updating disulfide bridges.
2025-10-02 22:34:01,036 INFO:main.py:626:non_trivial:Debumping biomolecule.
2025-10-02 22:34:01,201 INFO:main.py:649:non_trivial:Adding hydrogens to biomolecule.
2025-10-02 22:34:01,762 INFO:main.py:652:non_trivial:Debumping biomolecule (again).
2025-10-02 22:34:02,370 INFO:main.py:654:non_trivial:Optimizing hydrogen bonds
2025-10-02 22:34:03,459 INFO:main.py:666:non_trivial:Applying force field to biomolecule states.
2025-10-02 22:34:03,470 INFO:main.py:713:non_trivial:Regenerating headers.
2025-10-02 22:34:03,473 INFO:main.py:738:non_trivial:Regenerating PDB lines.
2025-10-02 22:34:03,542 WARNING:main.py:311:print_pqr:Ignoring 391 header lines in output.
2025-10-02 22:59:10,828 INFO:main.py:240:print_splash_screen:PDB2PQR v3.6.1: biomolecular structure conversion software.
2025-10-02 22:59:10,829 INFO:main.py:242:print_splash_screen:Please cite:  Jurrus E, et al.  Improvements to the APBS biomolecular solvation software suite.  Protein Sci 27 112-128 (2018).
2025-10-02 22:59:10,829 INFO:main.py:242:print_splash_screen:Please cite:  Dolinsky TJ, et al.  PDB2PQR: expanding and upgrading automated preparation of biomolecular structures for molecular simulations. Nucleic Acids Res 35 W522-W525 (2007).
2025-10-02 22:59:10,829 INFO:main.py:759:main_driver:Checking and transforming input arguments.
2025-10-02 22:59:10,830 INFO:main.py:763:main_driver:Loading topology files.
2025-10-02 22:59:10,890 INFO:main.py:765:main_driver:Loading molecule: XP_003214859.1__AF-G1K891-F1-model_v4.protein.pdb
2025-10-02 22:59:10,918 INFO:main.py:768:main_driver:Dropping water from structure.
2025-10-02 22:59:10,925 INFO:main.py:770:main_driver:Setting up molecule.
2025-10-02 22:59:10,980 INFO:main.py:408:setup_molecule:Created biomolecule object with 658 residues and 5094 atoms.
2025-10-02 22:59:10,981 INFO:main.py:774:main_driver:Setting termini states for biomolecule chains.
2025-10-02 22:59:10,997 INFO:main.py:604:non_trivial:Loading forcefield.
2025-10-02 22:59:11,005 INFO:main.py:608:non_trivial:Loading hydrogen topology definitions.
2025-10-02 22:59:11,010 INFO:main.py:459:is_repairable:This biomolecule is clean.  No repair needed.
2025-10-02 22:59:11,011 INFO:main.py:623:non_trivial:Updating disulfide bridges.
2025-10-02 22:59:11,011 INFO:main.py:626:non_trivial:Debumping biomolecule.
2025-10-02 22:59:11,187 INFO:main.py:649:non_trivial:Adding hydrogens to biomolecule.
2025-10-02 22:59:11,714 INFO:main.py:652:non_trivial:Debumping biomolecule (again).
2025-10-02 22:59:12,315 INFO:main.py:654:non_trivial:Optimizing hydrogen bonds
2025-10-02 22:59:13,427 INFO:main.py:666:non_trivial:Applying force field to biomolecule states.
2025-10-02 22:59:13,440 INFO:main.py:713:non_trivial:Regenerating headers.
2025-10-02 22:59:13,444 INFO:main.py:738:non_trivial:Regenerating PDB lines.
2025-10-02 22:59:13,497 WARNING:main.py:311:print_pqr:Ignoring 391 header lines in output.
