2025-10-02 22:34:07,274 INFO:main.py:240:print_splash_screen:PDB2PQR v3.6.1: biomolecular structure conversion software.
2025-10-02 22:34:07,274 INFO:main.py:242:print_splash_screen:Please cite:  Jurrus E, et al.  Improvements to the APBS biomolecular solvation software suite.  Protein Sci 27 112-128 (2018).
2025-10-02 22:34:07,274 INFO:main.py:242:print_splash_screen:Please cite:  Dolinsky TJ, et al.  PDB2PQR: expanding and upgrading automated preparation of biomolecular structures for molecular simulations. Nucleic Acids Res 35 W522-W525 (2007).
2025-10-02 22:34:07,274 INFO:main.py:759:main_driver:Checking and transforming input arguments.
2025-10-02 22:34:07,275 INFO:main.py:763:main_driver:Loading topology files.
2025-10-02 22:34:07,328 INFO:main.py:765:main_driver:Loading molecule: XP_005699581.2__AF-A0A452FCP3-F1-model_v4.protein.pdb
2025-10-02 22:34:07,329 ERROR:pdb.py:2584:read_pdb:Error parsing line: invalid literal for int() with base 10: 'CAPHI'
2025-10-02 22:34:07,329 ERROR:pdb.py:2585:read_pdb:<DBREF  XXXX A    1   684  UNP    A0A452FCP3 A0A452FCP3_CAPHI     1    684>
2025-10-02 22:34:07,329 ERROR:pdb.py:2586:read_pdb:Truncating remaining errors for record type:DBREF
2025-10-02 22:34:07,350 WARNING:io.py:467:get_molecule:Warning: XP_005699581.2__AF-A0A452FCP3-F1-model_v4.protein.pdb is a non-standard PDB file.

2025-10-02 22:34:07,350 ERROR:io.py:468:get_molecule:['DBREF']
2025-10-02 22:34:07,350 INFO:main.py:768:main_driver:Dropping water from structure.
2025-10-02 22:34:07,354 INFO:main.py:770:main_driver:Setting up molecule.
2025-10-02 22:34:07,413 INFO:main.py:408:setup_molecule:Created biomolecule object with 684 residues and 5289 atoms.
2025-10-02 22:34:07,414 INFO:main.py:774:main_driver:Setting termini states for biomolecule chains.
2025-10-02 22:34:07,431 INFO:main.py:604:non_trivial:Loading forcefield.
2025-10-02 22:34:07,439 INFO:main.py:608:non_trivial:Loading hydrogen topology definitions.
2025-10-02 22:34:07,447 INFO:main.py:459:is_repairable:This biomolecule is clean.  No repair needed.
2025-10-02 22:34:07,447 INFO:main.py:623:non_trivial:Updating disulfide bridges.
2025-10-02 22:34:07,447 INFO:main.py:626:non_trivial:Debumping biomolecule.
2025-10-02 22:34:07,612 INFO:main.py:649:non_trivial:Adding hydrogens to biomolecule.
2025-10-02 22:34:08,165 INFO:main.py:652:non_trivial:Debumping biomolecule (again).
2025-10-02 22:34:09,321 WARNING:debump.py:172:debump_biomolecule:WARNING: Unable to debump HIS A 337
2025-10-02 22:34:09,497 INFO:main.py:654:non_trivial:Optimizing hydrogen bonds
2025-10-02 22:34:10,561 INFO:main.py:666:non_trivial:Applying force field to biomolecule states.
2025-10-02 22:34:10,571 INFO:main.py:713:non_trivial:Regenerating headers.
2025-10-02 22:34:10,574 INFO:main.py:738:non_trivial:Regenerating PDB lines.
2025-10-02 22:34:10,626 WARNING:main.py:311:print_pqr:Ignoring 391 header lines in output.
2025-10-02 22:59:17,265 INFO:main.py:240:print_splash_screen:PDB2PQR v3.6.1: biomolecular structure conversion software.
2025-10-02 22:59:17,265 INFO:main.py:242:print_splash_screen:Please cite:  Jurrus E, et al.  Improvements to the APBS biomolecular solvation software suite.  Protein Sci 27 112-128 (2018).
2025-10-02 22:59:17,265 INFO:main.py:242:print_splash_screen:Please cite:  Dolinsky TJ, et al.  PDB2PQR: expanding and upgrading automated preparation of biomolecular structures for molecular simulations. Nucleic Acids Res 35 W522-W525 (2007).
2025-10-02 22:59:17,265 INFO:main.py:759:main_driver:Checking and transforming input arguments.
2025-10-02 22:59:17,266 INFO:main.py:763:main_driver:Loading topology files.
2025-10-02 22:59:17,321 INFO:main.py:765:main_driver:Loading molecule: XP_005699581.2__AF-A0A452FCP3-F1-model_v4.protein.pdb
2025-10-02 22:59:17,322 ERROR:pdb.py:2584:read_pdb:Error parsing line: invalid literal for int() with base 10: 'CAPHI'
2025-10-02 22:59:17,323 ERROR:pdb.py:2585:read_pdb:<DBREF  XXXX A    1   684  UNP    A0A452FCP3 A0A452FCP3_CAPHI     1    684>
2025-10-02 22:59:17,323 ERROR:pdb.py:2586:read_pdb:Truncating remaining errors for record type:DBREF
2025-10-02 22:59:17,351 WARNING:io.py:467:get_molecule:Warning: XP_005699581.2__AF-A0A452FCP3-F1-model_v4.protein.pdb is a non-standard PDB file.

2025-10-02 22:59:17,352 ERROR:io.py:468:get_molecule:['DBREF']
2025-10-02 22:59:17,352 INFO:main.py:768:main_driver:Dropping water from structure.
2025-10-02 22:59:17,357 INFO:main.py:770:main_driver:Setting up molecule.
2025-10-02 22:59:17,422 INFO:main.py:408:setup_molecule:Created biomolecule object with 684 residues and 5289 atoms.
2025-10-02 22:59:17,422 INFO:main.py:774:main_driver:Setting termini states for biomolecule chains.
2025-10-02 22:59:17,440 INFO:main.py:604:non_trivial:Loading forcefield.
2025-10-02 22:59:17,448 INFO:main.py:608:non_trivial:Loading hydrogen topology definitions.
2025-10-02 22:59:17,455 INFO:main.py:459:is_repairable:This biomolecule is clean.  No repair needed.
2025-10-02 22:59:17,455 INFO:main.py:623:non_trivial:Updating disulfide bridges.
2025-10-02 22:59:17,456 INFO:main.py:626:non_trivial:Debumping biomolecule.
2025-10-02 22:59:17,674 INFO:main.py:649:non_trivial:Adding hydrogens to biomolecule.
2025-10-02 22:59:18,271 INFO:main.py:652:non_trivial:Debumping biomolecule (again).
2025-10-02 22:59:19,462 WARNING:debump.py:172:debump_biomolecule:WARNING: Unable to debump HIS A 337
2025-10-02 22:59:19,644 INFO:main.py:654:non_trivial:Optimizing hydrogen bonds
2025-10-02 22:59:20,649 INFO:main.py:666:non_trivial:Applying force field to biomolecule states.
2025-10-02 22:59:20,659 INFO:main.py:713:non_trivial:Regenerating headers.
2025-10-02 22:59:20,661 INFO:main.py:738:non_trivial:Regenerating PDB lines.
2025-10-02 22:59:20,711 WARNING:main.py:311:print_pqr:Ignoring 391 header lines in output.
