2025-10-02 22:34:03,962 INFO:main.py:240:print_splash_screen:PDB2PQR v3.6.1: biomolecular structure conversion software.
2025-10-02 22:34:03,963 INFO:main.py:242:print_splash_screen:Please cite:  Jurrus E, et al.  Improvements to the APBS biomolecular solvation software suite.  Protein Sci 27 112-128 (2018).
2025-10-02 22:34:03,963 INFO:main.py:242:print_splash_screen:Please cite:  Dolinsky TJ, et al.  PDB2PQR: expanding and upgrading automated preparation of biomolecular structures for molecular simulations. Nucleic Acids Res 35 W522-W525 (2007).
2025-10-02 22:34:03,963 INFO:main.py:759:main_driver:Checking and transforming input arguments.
2025-10-02 22:34:03,963 INFO:main.py:763:main_driver:Loading topology files.
2025-10-02 22:34:04,017 INFO:main.py:765:main_driver:Loading molecule: XP_004415709.1__AF-A0A2U3X0Z6-F1-model_v4.protein.pdb
2025-10-02 22:34:04,018 ERROR:pdb.py:2584:read_pdb:Error parsing line: invalid literal for int() with base 10: 'ODORO'
2025-10-02 22:34:04,019 ERROR:pdb.py:2585:read_pdb:<DBREF  XXXX A    1   699  UNP    A0A2U3X0Z6 A0A2U3X0Z6_ODORO     1    699>
2025-10-02 22:34:04,019 ERROR:pdb.py:2586:read_pdb:Truncating remaining errors for record type:DBREF
2025-10-02 22:34:04,040 WARNING:io.py:467:get_molecule:Warning: XP_004415709.1__AF-A0A2U3X0Z6-F1-model_v4.protein.pdb is a non-standard PDB file.

2025-10-02 22:34:04,040 ERROR:io.py:468:get_molecule:['DBREF']
2025-10-02 22:34:04,040 INFO:main.py:768:main_driver:Dropping water from structure.
2025-10-02 22:34:04,044 INFO:main.py:770:main_driver:Setting up molecule.
2025-10-02 22:34:04,099 INFO:main.py:408:setup_molecule:Created biomolecule object with 699 residues and 5383 atoms.
2025-10-02 22:34:04,101 INFO:main.py:774:main_driver:Setting termini states for biomolecule chains.
2025-10-02 22:34:04,118 INFO:main.py:604:non_trivial:Loading forcefield.
2025-10-02 22:34:04,128 INFO:main.py:608:non_trivial:Loading hydrogen topology definitions.
2025-10-02 22:34:04,134 INFO:main.py:459:is_repairable:This biomolecule is clean.  No repair needed.
2025-10-02 22:34:04,135 INFO:main.py:623:non_trivial:Updating disulfide bridges.
2025-10-02 22:34:04,135 INFO:main.py:626:non_trivial:Debumping biomolecule.
2025-10-02 22:34:04,312 INFO:main.py:649:non_trivial:Adding hydrogens to biomolecule.
2025-10-02 22:34:04,917 INFO:main.py:652:non_trivial:Debumping biomolecule (again).
2025-10-02 22:34:05,694 INFO:main.py:654:non_trivial:Optimizing hydrogen bonds
2025-10-02 22:34:06,806 INFO:main.py:666:non_trivial:Applying force field to biomolecule states.
2025-10-02 22:34:06,816 INFO:main.py:713:non_trivial:Regenerating headers.
2025-10-02 22:34:06,819 INFO:main.py:738:non_trivial:Regenerating PDB lines.
2025-10-02 22:34:06,870 WARNING:main.py:311:print_pqr:Ignoring 391 header lines in output.
2025-10-02 22:59:13,924 INFO:main.py:240:print_splash_screen:PDB2PQR v3.6.1: biomolecular structure conversion software.
2025-10-02 22:59:13,925 INFO:main.py:242:print_splash_screen:Please cite:  Jurrus E, et al.  Improvements to the APBS biomolecular solvation software suite.  Protein Sci 27 112-128 (2018).
2025-10-02 22:59:13,925 INFO:main.py:242:print_splash_screen:Please cite:  Dolinsky TJ, et al.  PDB2PQR: expanding and upgrading automated preparation of biomolecular structures for molecular simulations. Nucleic Acids Res 35 W522-W525 (2007).
2025-10-02 22:59:13,925 INFO:main.py:759:main_driver:Checking and transforming input arguments.
2025-10-02 22:59:13,926 INFO:main.py:763:main_driver:Loading topology files.
2025-10-02 22:59:13,972 INFO:main.py:765:main_driver:Loading molecule: XP_004415709.1__AF-A0A2U3X0Z6-F1-model_v4.protein.pdb
2025-10-02 22:59:13,973 ERROR:pdb.py:2584:read_pdb:Error parsing line: invalid literal for int() with base 10: 'ODORO'
2025-10-02 22:59:13,973 ERROR:pdb.py:2585:read_pdb:<DBREF  XXXX A    1   699  UNP    A0A2U3X0Z6 A0A2U3X0Z6_ODORO     1    699>
2025-10-02 22:59:13,973 ERROR:pdb.py:2586:read_pdb:Truncating remaining errors for record type:DBREF
2025-10-02 22:59:13,992 WARNING:io.py:467:get_molecule:Warning: XP_004415709.1__AF-A0A2U3X0Z6-F1-model_v4.protein.pdb is a non-standard PDB file.

2025-10-02 22:59:13,992 ERROR:io.py:468:get_molecule:['DBREF']
2025-10-02 22:59:13,993 INFO:main.py:768:main_driver:Dropping water from structure.
2025-10-02 22:59:13,996 INFO:main.py:770:main_driver:Setting up molecule.
2025-10-02 22:59:14,047 INFO:main.py:408:setup_molecule:Created biomolecule object with 699 residues and 5383 atoms.
2025-10-02 22:59:14,048 INFO:main.py:774:main_driver:Setting termini states for biomolecule chains.
2025-10-02 22:59:14,064 INFO:main.py:604:non_trivial:Loading forcefield.
2025-10-02 22:59:14,071 INFO:main.py:608:non_trivial:Loading hydrogen topology definitions.
2025-10-02 22:59:14,077 INFO:main.py:459:is_repairable:This biomolecule is clean.  No repair needed.
2025-10-02 22:59:14,077 INFO:main.py:623:non_trivial:Updating disulfide bridges.
2025-10-02 22:59:14,078 INFO:main.py:626:non_trivial:Debumping biomolecule.
2025-10-02 22:59:14,265 INFO:main.py:649:non_trivial:Adding hydrogens to biomolecule.
2025-10-02 22:59:14,903 INFO:main.py:652:non_trivial:Debumping biomolecule (again).
2025-10-02 22:59:15,642 INFO:main.py:654:non_trivial:Optimizing hydrogen bonds
2025-10-02 22:59:16,749 INFO:main.py:666:non_trivial:Applying force field to biomolecule states.
2025-10-02 22:59:16,759 INFO:main.py:713:non_trivial:Regenerating headers.
2025-10-02 22:59:16,762 INFO:main.py:738:non_trivial:Regenerating PDB lines.
2025-10-02 22:59:16,816 WARNING:main.py:311:print_pqr:Ignoring 391 header lines in output.
