2025-10-02 22:34:20,435 INFO:main.py:240:print_splash_screen:PDB2PQR v3.6.1: biomolecular structure conversion software.
2025-10-02 22:34:20,435 INFO:main.py:242:print_splash_screen:Please cite:  Jurrus E, et al.  Improvements to the APBS biomolecular solvation software suite.  Protein Sci 27 112-128 (2018).
2025-10-02 22:34:20,435 INFO:main.py:242:print_splash_screen:Please cite:  Dolinsky TJ, et al.  PDB2PQR: expanding and upgrading automated preparation of biomolecular structures for molecular simulations. Nucleic Acids Res 35 W522-W525 (2007).
2025-10-02 22:34:20,435 INFO:main.py:759:main_driver:Checking and transforming input arguments.
2025-10-02 22:34:20,436 INFO:main.py:763:main_driver:Loading topology files.
2025-10-02 22:34:20,482 INFO:main.py:765:main_driver:Loading molecule: XP_027433772.1__AF-A0A6J2BU91-F1-model_v4.protein.pdb
2025-10-02 22:34:20,483 ERROR:pdb.py:2584:read_pdb:Error parsing line: invalid literal for int() with base 10: 'ZALCA'
2025-10-02 22:34:20,483 ERROR:pdb.py:2585:read_pdb:<DBREF  XXXX A    1   699  UNP    A0A6J2BU91 A0A6J2BU91_ZALCA     1    699>
2025-10-02 22:34:20,483 ERROR:pdb.py:2586:read_pdb:Truncating remaining errors for record type:DBREF
2025-10-02 22:34:20,503 WARNING:io.py:467:get_molecule:Warning: XP_027433772.1__AF-A0A6J2BU91-F1-model_v4.protein.pdb is a non-standard PDB file.

2025-10-02 22:34:20,503 ERROR:io.py:468:get_molecule:['DBREF']
2025-10-02 22:34:20,503 INFO:main.py:768:main_driver:Dropping water from structure.
2025-10-02 22:34:20,507 INFO:main.py:770:main_driver:Setting up molecule.
2025-10-02 22:34:20,553 INFO:main.py:408:setup_molecule:Created biomolecule object with 699 residues and 5384 atoms.
2025-10-02 22:34:20,554 INFO:main.py:774:main_driver:Setting termini states for biomolecule chains.
2025-10-02 22:34:20,570 INFO:main.py:604:non_trivial:Loading forcefield.
2025-10-02 22:34:20,579 INFO:main.py:608:non_trivial:Loading hydrogen topology definitions.
2025-10-02 22:34:20,585 INFO:main.py:459:is_repairable:This biomolecule is clean.  No repair needed.
2025-10-02 22:34:20,586 INFO:main.py:623:non_trivial:Updating disulfide bridges.
2025-10-02 22:34:20,586 INFO:main.py:626:non_trivial:Debumping biomolecule.
2025-10-02 22:34:20,740 INFO:main.py:649:non_trivial:Adding hydrogens to biomolecule.
2025-10-02 22:34:21,316 INFO:main.py:652:non_trivial:Debumping biomolecule (again).
2025-10-02 22:34:21,905 INFO:main.py:654:non_trivial:Optimizing hydrogen bonds
2025-10-02 22:34:23,084 INFO:main.py:666:non_trivial:Applying force field to biomolecule states.
2025-10-02 22:34:23,093 INFO:main.py:713:non_trivial:Regenerating headers.
2025-10-02 22:34:23,097 INFO:main.py:738:non_trivial:Regenerating PDB lines.
2025-10-02 22:34:23,149 WARNING:main.py:311:print_pqr:Ignoring 391 header lines in output.
2025-10-02 22:59:30,240 INFO:main.py:240:print_splash_screen:PDB2PQR v3.6.1: biomolecular structure conversion software.
2025-10-02 22:59:30,241 INFO:main.py:242:print_splash_screen:Please cite:  Jurrus E, et al.  Improvements to the APBS biomolecular solvation software suite.  Protein Sci 27 112-128 (2018).
2025-10-02 22:59:30,241 INFO:main.py:242:print_splash_screen:Please cite:  Dolinsky TJ, et al.  PDB2PQR: expanding and upgrading automated preparation of biomolecular structures for molecular simulations. Nucleic Acids Res 35 W522-W525 (2007).
2025-10-02 22:59:30,241 INFO:main.py:759:main_driver:Checking and transforming input arguments.
2025-10-02 22:59:30,242 INFO:main.py:763:main_driver:Loading topology files.
2025-10-02 22:59:30,289 INFO:main.py:765:main_driver:Loading molecule: XP_027433772.1__AF-A0A6J2BU91-F1-model_v4.protein.pdb
2025-10-02 22:59:30,290 ERROR:pdb.py:2584:read_pdb:Error parsing line: invalid literal for int() with base 10: 'ZALCA'
2025-10-02 22:59:30,290 ERROR:pdb.py:2585:read_pdb:<DBREF  XXXX A    1   699  UNP    A0A6J2BU91 A0A6J2BU91_ZALCA     1    699>
2025-10-02 22:59:30,290 ERROR:pdb.py:2586:read_pdb:Truncating remaining errors for record type:DBREF
2025-10-02 22:59:30,309 WARNING:io.py:467:get_molecule:Warning: XP_027433772.1__AF-A0A6J2BU91-F1-model_v4.protein.pdb is a non-standard PDB file.

2025-10-02 22:59:30,310 ERROR:io.py:468:get_molecule:['DBREF']
2025-10-02 22:59:30,310 INFO:main.py:768:main_driver:Dropping water from structure.
2025-10-02 22:59:30,314 INFO:main.py:770:main_driver:Setting up molecule.
2025-10-02 22:59:30,361 INFO:main.py:408:setup_molecule:Created biomolecule object with 699 residues and 5384 atoms.
2025-10-02 22:59:30,362 INFO:main.py:774:main_driver:Setting termini states for biomolecule chains.
2025-10-02 22:59:30,382 INFO:main.py:604:non_trivial:Loading forcefield.
2025-10-02 22:59:30,390 INFO:main.py:608:non_trivial:Loading hydrogen topology definitions.
2025-10-02 22:59:30,396 INFO:main.py:459:is_repairable:This biomolecule is clean.  No repair needed.
2025-10-02 22:59:30,396 INFO:main.py:623:non_trivial:Updating disulfide bridges.
2025-10-02 22:59:30,397 INFO:main.py:626:non_trivial:Debumping biomolecule.
2025-10-02 22:59:30,577 INFO:main.py:649:non_trivial:Adding hydrogens to biomolecule.
2025-10-02 22:59:31,167 INFO:main.py:652:non_trivial:Debumping biomolecule (again).
2025-10-02 22:59:31,762 INFO:main.py:654:non_trivial:Optimizing hydrogen bonds
2025-10-02 22:59:32,814 INFO:main.py:666:non_trivial:Applying force field to biomolecule states.
2025-10-02 22:59:32,823 INFO:main.py:713:non_trivial:Regenerating headers.
2025-10-02 22:59:32,827 INFO:main.py:738:non_trivial:Regenerating PDB lines.
2025-10-02 22:59:32,888 WARNING:main.py:311:print_pqr:Ignoring 391 header lines in output.
