Hsap|NP_919261.2|SPTY2D1	100.000	685	0	0	0.0	1364	Hsap|NP_919261.2|SPTY2D1
Ecab|XP_001505022.2|SPTY2D1	85.392	664	92	3	0.0	998	Ecab|XP_001505022.2|SPTY2D1
Oros|XP_004415709.1|SPTY2D1	82.533	687	88	6	0.0	963	Oros|XP_004415709.1|SPTY2D1
Zcal|XP_027433772.1|SPTY2D1	82.242	687	90	6	0.0	956	Zcal|XP_027433772.1|SPTY2D1
Clup|XP_038425149.1|SPTY2D1	82.628	685	90	4	0.0	955	Clup|XP_038425149.1|SPTY2D1
Chir|XP_005699581.2|SPTY2D1	83.910	665	104	2	0.0	951	Chir|XP_005699581.2|SPTY2D1
Bacu|XP_068411921.1|SPTY2D1	78.182	715	99	5	0.0	948	Bacu|XP_068411921.1|SPTY2D1
Tman|XP_036716049.1|SPTY2D1	78.182	715	99	5	0.0	946	Tman|XP_036716049.1|SPTY2D1
Btau|NP_001192667.1|SPTY2D1	83.584	664	105	2	0.0	940	Btau|NP_001192667.1|SPTY2D1
Uarc|XP_026368022.2|SPTY2D1	82.659	692	83	5	0.0	937	Uarc|XP_026368022.2|SPTY2D1
Mfur|XP_004752162.1|SPTY2D1	80.375	693	99	5	0.0	928	Mfur|XP_004752162.1|SPTY2D1
Lafr|XP_010590493.2|SPTY2D1	83.886	664	100	3	0.0	926	Lafr|XP_010590493.2|SPTY2D1
Ttru|XP_019803585.2|SPTY2D1	76.000	725	107	8	0.0	924	Ttru|XP_019803585.2|SPTY2D1
Casa|XP_006865896.1|SPTY2D1	78.863	686	115	6	0.0	902	Casa|XP_006865896.1|SPTY2D1
Caur|XP_026095161.1|spty2d1	39.914	699	277	27	2.65e-110	349	Caur|XP_026095161.1|spty2d1
Caur|XP_026058860.1|LOC113043591	39.306	720	321	23	1.29e-90	298	Caur|XP_026058860.1|LOC113043591
Lcha|XP_005990542.1|SPTY2D1	42.268	485	203	15	1.54e-74	254	Lcha|XP_005990542.1|SPTY2D1
Acar|XP_003214859.1|spty2d1	55.777	251	57	9	2.14e-59	214	Acar|XP_003214859.1|spty2d1
Oros|XP_004403883.1|MUC5B	26.718	262	170	9	1.13e-06	56.2	Oros|XP_004403883.1|MUC5B
Zcal|XP_035579045.1|MUC5B	26.582	237	134	8	2.33e-05	52.0	Zcal|XP_035579045.1|MUC5B
Chir|XP_017898731.1|MUC5cd ~/lab03-$MYGIT/SPTY2D1AC	29.646	226	133	11	8.00e-05	50.1	Chir|XP_017898731.1|MUC5AC
Ttru|XP_073665558.1|LOC101320006	27.650	217	126	8	0.14	39.7	Ttru|XP_073665558.1|LOC101320006
Lcha|XP_064419564.1|MCM3AP	32.184	174	91	10	0.34	38.1	Lcha|XP_064419564.1|MCM3AP
Btau|XP_059739176.1|LOC100850574	25.000	188	125	6	0.38	38.1	Btau|XP_059739176.1|LOC100850574
Btau|XP_024841005.1|SDR42E2	30.415	217	124	9	1.9	35.4	Btau|XP_024841005.1|SDR42E2
Chir|XP_017922622.1|CLASP2	31.206	141	91	3	2.2	35.4	Chir|XP_017922622.1|CLASP2
Btau|XP_024838534.1|CLASP2	31.206	141	91	3	2.2	35.4	Btau|XP_024838534.1|CLASP2
Zcal|XP_027476050.1|FHOD1	33.577	137	66	5	4.8	34.3	Zcal|XP_027476050.1|FHOD1
Chir|XP_017902774.1|PCLO	28.829	111	66	4	6.8	33.9	Chir|XP_017902774.1|PCLO
